wineventlog,TestServer1,"WinEventLog:Security","WinEventLog:Security","02/24/2015 12:52:09 PM
LogName=Security
SourceName=Microsoft Windows security auditing.
EventCode=4624
EventType=0
Type=Information
ComputerName=TestServer1.spl.com
TaskCategory=Logon
OpCode=Info
RecordNumber=10184247
Keywords=Audit Success
Message=An account was successfully logged on.

Subject:
	Security ID:		NT AUTHORITY\SYSTEM
	Account Name:		TESTSERVER1$
	Account Domain:		SPL
	Logon ID:		0x3E7

Logon Type:			8

Impersonation Level:		Impersonation

New Logon:
	Security ID:		SPL\SM_13fc8e4c27ac429cb
	Account Name:		SM_13fc8e4c27ac429cb
	Account Domain:		SPL
	Logon ID:		0x2F5797E
	Logon GUID:		{0AD4766B-2BE5-D756-53A3-AD3038C74E8B}

Process Information:
	Process ID:		0x19c4
	Process Name:		C:\Program Files\Microsoft\Exchange Server\V15\FrontEnd\PopImap\Microsoft.Exchange.Pop3.exe

Network Information:
	Workstation Name:	TESTSERVER1
	Source Network Address:	-
	Source Port:		-

Detailed Authentication Information:
	Logon Process:		Advapi  
	Authentication Package:	Negotiate
	Transited Services:	-
	Package Name (NTLM only):	-
	Key Length:		0

This event is generated when a logon session is created. It is generated on the computer that was accessed.

The subject fields indicate the account on the local system which requested the logon. This is most commonly a service such as the Server service, or a local process such as Winlogon.exe or Services.exe.

The logon type field indicates the kind of logon that occurred. The most common types are 2 (interactive) and 3 (network).

The New Logon fields indicate the account for whom the new logon was created, i.e. the account that was logged on.

The network fields indicate where a remote logon request originated. Workstation name is not always available and may be left blank in some cases.

The impersonation level field indicates the extent to which a process in the logon session can impersonate.

The authentication information fields provide detailed information about this specific logon request.
	- Logon GUID is a unique identifier that can be used to correlate this event with a KDC event.
	- Transited services indicate which intermediate services have participated in this logon request.
	- Package name indicates which sub-protocol was used among the NTLM protocols.
	- Key length indicates the length of the generated session key. This will be 0 if no session key was requested.","2015-02-24T12:52:09.000-0800"
wineventlog,TestServer1,"WinEventLog:Security","WinEventLog:Security","02/24/2015 12:51:39 PM
LogName=Security
SourceName=Microsoft Windows security auditing.
EventCode=4624
EventType=0
Type=Information
ComputerName=TestServer1.spl.com
TaskCategory=Logon
OpCode=Info
RecordNumber=10183499
Keywords=Audit Success
Message=An account was successfully logged on.

Subject:
	Security ID:		NT AUTHORITY\NETWORK SERVICE
	Account Name:		TESTSERVER1$
	Account Domain:		SPL
	Logon ID:		0x3E4

Logon Type:			8

Impersonation Level:		Impersonation

New Logon:
	Security ID:		SPL\SM_1d72d2bf46e14e679
	Account Name:		SM_1d72d2bf46e14e679
	Account Domain:		SPL
	Logon ID:		0x2F48C4D
	Logon GUID:		{A899CCFA-87CC-CF4F-83D3-34479969D03C}

Process Information:
	Process ID:		0x22a8
	Process Name:		C:\Program Files\Microsoft\Exchange Server\V15\ClientAccess\PopImap\Microsoft.Exchange.Imap4.exe

Network Information:
	Workstation Name:	TESTSERVER1
	Source Network Address:	-
	Source Port:		-

Detailed Authentication Information:
	Logon Process:		Advapi  
	Authentication Package:	Negotiate
	Transited Services:	-
	Package Name (NTLM only):	-
	Key Length:		0

This event is generated when a logon session is created. It is generated on the computer that was accessed.

The subject fields indicate the account on the local system which requested the logon. This is most commonly a service such as the Server service, or a local process such as Winlogon.exe or Services.exe.

The logon type field indicates the kind of logon that occurred. The most common types are 2 (interactive) and 3 (network).

The New Logon fields indicate the account for whom the new logon was created, i.e. the account that was logged on.

The network fields indicate where a remote logon request originated. Workstation name is not always available and may be left blank in some cases.

The impersonation level field indicates the extent to which a process in the logon session can impersonate.

The authentication information fields provide detailed information about this specific logon request.
	- Logon GUID is a unique identifier that can be used to correlate this event with a KDC event.
	- Transited services indicate which intermediate services have participated in this logon request.
	- Package name indicates which sub-protocol was used among the NTLM protocols.
	- Key length indicates the length of the generated session key. This will be 0 if no session key was requested.","2015-02-24T12:51:39.000-0800"
wineventlog,TestServer1,"WinEventLog:Security","WinEventLog:Security","02/24/2015 12:51:07 PM
LogName=Security
SourceName=Microsoft Windows security auditing.
EventCode=4624
EventType=0
Type=Information
ComputerName=TestServer1.spl.com
TaskCategory=Logon
OpCode=Info
RecordNumber=10182387
Keywords=Audit Success
Message=An account was successfully logged on.

Subject:
	Security ID:		NT AUTHORITY\NETWORK SERVICE
	Account Name:		TESTSERVER1$
	Account Domain:		SPL
	Logon ID:		0x3E4

Logon Type:			8

Impersonation Level:		Impersonation

New Logon:
	Security ID:		SPL\SM_1d72d2bf46e14e679
	Account Name:		SM_1d72d2bf46e14e679
	Account Domain:		SPL
	Logon ID:		0x2F1D00B
	Logon GUID:		{863B8516-8518-BAB3-E076-8ACAE9874640}

Process Information:
	Process ID:		0x162c
	Process Name:		C:\Program Files\Microsoft\Exchange Server\V15\ClientAccess\PopImap\Microsoft.Exchange.Pop3.exe

Network Information:
	Workstation Name:	TESTSERVER1
	Source Network Address:	-
	Source Port:		-

Detailed Authentication Information:
	Logon Process:		Advapi  
	Authentication Package:	Negotiate
	Transited Services:	-
	Package Name (NTLM only):	-
	Key Length:		0

This event is generated when a logon session is created. It is generated on the computer that was accessed.

The subject fields indicate the account on the local system which requested the logon. This is most commonly a service such as the Server service, or a local process such as Winlogon.exe or Services.exe.

The logon type field indicates the kind of logon that occurred. The most common types are 2 (interactive) and 3 (network).

The New Logon fields indicate the account for whom the new logon was created, i.e. the account that was logged on.

The network fields indicate where a remote logon request originated. Workstation name is not always available and may be left blank in some cases.

The impersonation level field indicates the extent to which a process in the logon session can impersonate.

The authentication information fields provide detailed information about this specific logon request.
	- Logon GUID is a unique identifier that can be used to correlate this event with a KDC event.
	- Transited services indicate which intermediate services have participated in this logon request.
	- Package name indicates which sub-protocol was used among the NTLM protocols.
	- Key length indicates the length of the generated session key. This will be 0 if no session key was requested.","2015-02-24T12:51:07.000-0800"
